2025-07-16 21:31:37,254 - INFO - Starting Sider AI automation script
2025-07-16 21:31:37,255 - INFO - Found 5 accounts to process
2025-07-16 21:31:37,255 - INFO - Processing account 1/5: JoelynnWilsonxxr92911k@yers.us
2025-07-16 21:31:37,255 - INFO - ====== WebDriver manager ======
2025-07-16 21:31:37,297 - INFO - Get LATEST chromedriver version for google-chrome
2025-07-16 21:31:37,473 - INFO - Get LATEST chromedriver version for google-chrome
2025-07-16 21:31:37,606 - INFO - There is no [linux64] chromedriver "137.0.7151.119" for browser google-chrome "137.0.7151" in cache
2025-07-16 21:31:37,607 - INFO - Get LATEST chromedriver version for google-chrome
2025-07-16 21:31:37,952 - INFO - WebDriver version 137.0.7151.119 selected
2025-07-16 21:31:37,955 - INFO - Modern chrome version https://storage.googleapis.com/chrome-for-testing-public/137.0.7151.119/linux64/chromedriver-linux64.zip
2025-07-16 21:31:37,955 - INFO - About to download new driver from https://storage.googleapis.com/chrome-for-testing-public/137.0.7151.119/linux64/chromedriver-linux64.zip
2025-07-16 21:31:38,247 - INFO - Driver downloading response is 200
2025-07-16 21:31:39,110 - INFO - Get LATEST chromedriver version for google-chrome
2025-07-16 21:31:39,354 - INFO - Driver has been saved in cache [/home/hao/.wdm/drivers/chromedriver/linux64/137.0.7151.119]
2025-07-16 21:31:39,798 - INFO - Setting fixed window size and position (1280x720 at 0,0)
2025-07-16 21:31:43,235 - INFO - Looking for 'Register Now & Claim Rewards' button
2025-07-16 21:31:43,833 - INFO - Found Register button with text
2025-07-16 21:31:45,305 - INFO - Clicked Register button (regular)
2025-07-16 21:31:47,307 - INFO - Looking for 'Continue with Google' area
2025-07-16 21:31:47,337 - INFO - Found Google button area with selector: //div[contains(@class, 'col-[main]') and contains(@style, 'grid-row:1')]
2025-07-16 21:31:47,656 - INFO - Clicked Google area with ActionChains
2025-07-16 21:31:48,194 - INFO - Switched to Google login window
2025-07-16 21:31:49,690 - INFO - Clicked Next after email (JavaScript)
2025-07-16 21:31:49,691 - INFO - Waiting for password page to load...
2025-07-16 21:31:54,696 - INFO - Looking for password input...
2025-07-16 21:31:54,775 - INFO - Found password field. Filling...
2025-07-16 21:31:54,870 - INFO - Password filled. Looking for Next button...
2025-07-16 21:31:54,903 - INFO - Clicked Next after password (JavaScript)
2025-07-16 21:31:54,903 - INFO - Looking for 'I understand' button with XPath: //input[@type='submit' and (@value='Tôi hiểu' or @value='I understand')]
2025-07-16 21:32:01,113 - INFO - Clicked 'I understand' (JavaScript)
2025-07-16 21:32:01,113 - INFO - Looking for 'Continue' button
2025-07-16 21:32:02,643 - INFO - Clicked 'Continue' (JavaScript)
2025-07-16 21:32:06,668 - INFO - Looking for 'Add to Chrome' button
2025-07-16 21:32:06,687 - INFO - Found 'Add to Chrome' button. Clicking...
2025-07-16 21:32:06,705 - INFO - Clicked 'Add to Chrome' (JavaScript)
2025-07-16 21:32:06,705 - INFO - Waiting for browser 'Add extension' dialog to appear...
2025-07-16 21:32:10,708 - INFO - Attempting to click 'Add extension' button at (784, 270) using pyautogui
2025-07-16 21:32:10,834 - INFO - Clicked using pyautogui.
2025-07-16 21:32:10,834 - INFO - Waiting 10 seconds for extension to install...
2025-07-16 21:32:10,834 - INFO - Successfully processed account (attempted extension install): JoelynnWilsonxxr92911k@yers.us
2025-07-16 21:32:10,925 - INFO - Waiting 30 seconds before next account...
2025-07-16 21:32:40,955 - INFO - Processing account 2/5: ReikoWuwry72694z@yers.us
2025-07-16 21:32:40,957 - INFO - ====== WebDriver manager ======
2025-07-16 21:32:41,011 - INFO - Get LATEST chromedriver version for google-chrome
2025-07-16 21:32:41,142 - INFO - Get LATEST chromedriver version for google-chrome
2025-07-16 21:32:41,269 - INFO - Driver [/home/hao/.wdm/drivers/chromedriver/linux64/137.0.7151.119/chromedriver-linux64/chromedriver] found in cache
2025-07-16 21:32:41,864 - INFO - Setting fixed window size and position (1280x720 at 0,0)
2025-07-16 21:32:44,961 - INFO - Looking for 'Register Now & Claim Rewards' button
2025-07-16 21:32:45,558 - INFO - Found Register button with text
2025-07-16 21:32:46,801 - INFO - Clicked Register button (regular)
2025-07-16 21:32:48,802 - INFO - Looking for 'Continue with Google' area
2025-07-16 21:32:48,824 - INFO - Found Google button area with selector: //div[contains(@class, 'col-[main]') and contains(@style, 'grid-row:1')]
2025-07-16 21:32:49,164 - INFO - Clicked Google area with ActionChains
2025-07-16 21:32:49,675 - INFO - Switched to Google login window
2025-07-16 21:32:51,336 - ERROR - Error processing account ReikoWuwry72694z@yers.us: Message: no such window: target window already closed
from unknown error: web view not found
  (Session info: chrome=137.0.7151.68)
Stacktrace:
#0 0x55590425145a <unknown>
#1 0x555903cf6760 <unknown>
#2 0x555903ccb140 <unknown>
#3 0x555903d766c8 <unknown>
#4 0x555903d93cc5 <unknown>
#5 0x555903d6dc23 <unknown>
#6 0x555903d3a4a5 <unknown>
#7 0x555903d3b111 <unknown>
#8 0x555904215f1b <unknown>
#9 0x555904219e19 <unknown>
#10 0x5559041fcac9 <unknown>
#11 0x55590421a9c8 <unknown>
#12 0x5559041e134f <unknown>
#13 0x55590423ea28 <unknown>
#14 0x55590423ec06 <unknown>
#15 0x555904250336 <unknown>
#16 0x7fd3d2c2fac3 <unknown>

2025-07-16 21:32:51,425 - INFO - Waiting 30 seconds before next account...
2025-07-16 21:33:21,454 - INFO - Processing account 3/5: ChrystelMcbridetdg39888o@yers.us
2025-07-16 21:33:21,455 - INFO - ====== WebDriver manager ======
2025-07-16 21:33:21,512 - INFO - Get LATEST chromedriver version for google-chrome
2025-07-16 21:33:21,627 - INFO - Get LATEST chromedriver version for google-chrome
2025-07-16 21:33:21,750 - INFO - Driver [/home/hao/.wdm/drivers/chromedriver/linux64/137.0.7151.119/chromedriver-linux64/chromedriver] found in cache
2025-07-16 21:33:22,293 - INFO - Setting fixed window size and position (1280x720 at 0,0)
2025-07-16 21:33:26,177 - INFO - Looking for 'Register Now & Claim Rewards' button
2025-07-16 21:33:26,252 - INFO - Found Register button with text
2025-07-16 21:33:27,655 - INFO - Clicked Register button (regular)
2025-07-16 21:33:29,658 - INFO - Looking for 'Continue with Google' area
2025-07-16 21:33:29,691 - INFO - Found Google button area with selector: //div[contains(@class, 'col-[main]') and contains(@style, 'grid-row:1')]
2025-07-16 21:33:30,021 - INFO - Clicked Google area with ActionChains
2025-07-16 21:33:30,542 - INFO - Switched to Google login window
2025-07-16 21:33:32,422 - INFO - Clicked Next after email (JavaScript)
2025-07-16 21:33:32,423 - INFO - Waiting for password page to load...
2025-07-16 21:33:33,853 - WARNING - Retrying (Retry(total=2, connect=None, read=None, redirect=None, status=None)) after connection broken by 'ConnectionResetError(104, 'Connection reset by peer')': /session/784cdeafa44a2e7bbfa537849f57db6c
2025-07-16 21:33:33,854 - WARNING - Retrying (Retry(total=1, connect=None, read=None, redirect=None, status=None)) after connection broken by 'NewConnectionError('<urllib3.connection.HTTPConnection object at 0x7f0c3adaae60>: Failed to establish a new connection: [Errno 111] Connection refused')': /session/784cdeafa44a2e7bbfa537849f57db6c
2025-07-16 21:33:33,854 - WARNING - Retrying (Retry(total=0, connect=None, read=None, redirect=None, status=None)) after connection broken by 'NewConnectionError('<urllib3.connection.HTTPConnection object at 0x7f0c3adaae30>: Failed to establish a new connection: [Errno 111] Connection refused')': /session/784cdeafa44a2e7bbfa537849f57db6c
2025-07-16 22:02:26,889 - INFO - Starting Sider AI automation script
2025-07-16 22:02:26,889 - INFO - Found 5 accounts to process
2025-07-16 22:02:26,889 - INFO - Processing account 1/5: JoelynnWilsonxxr92911k@yers.us
2025-07-16 22:02:26,889 - INFO - ====== WebDriver manager ======
2025-07-16 22:02:26,936 - INFO - Get LATEST chromedriver version for google-chrome
2025-07-16 22:02:27,060 - INFO - Get LATEST chromedriver version for google-chrome
2025-07-16 22:02:27,190 - INFO - Driver [/home/hao/.wdm/drivers/chromedriver/linux64/137.0.7151.119/chromedriver-linux64/chromedriver] found in cache
2025-07-16 22:02:27,712 - INFO - Setting fixed window size and position (1280x720 at 0,0)
2025-07-16 22:02:30,870 - INFO - Looking for 'Register Now & Claim Rewards' button
2025-07-16 22:02:31,987 - INFO - Found Register button with text
2025-07-16 22:02:33,390 - INFO - Clicked Register button (regular)
2025-07-16 22:02:35,392 - INFO - Looking for 'Continue with Google' area
2025-07-16 22:02:35,423 - INFO - Found Google button area with selector: //div[contains(@class, 'col-[main]') and contains(@style, 'grid-row:1')]
2025-07-16 22:02:35,753 - INFO - Clicked Google area with ActionChains
2025-07-16 22:02:36,262 - INFO - Switched to Google login window
2025-07-16 22:02:37,871 - INFO - Clicked Next after email (JavaScript)
2025-07-16 22:02:37,871 - INFO - Waiting for password page to load...
2025-07-16 22:02:42,876 - INFO - Looking for password input...
2025-07-16 22:02:42,904 - INFO - Found password field. Filling...
2025-07-16 22:02:42,948 - INFO - Password filled. Looking for Next button...
2025-07-16 22:02:42,987 - INFO - Clicked Next after password (JavaScript)
2025-07-16 22:02:42,987 - INFO - Looking for 'I understand' button with XPath: //input[@type='submit' and (@value='Tôi hiểu' or @value='I understand')]
2025-07-16 22:02:48,278 - WARNING - No additional steps found or not needed
2025-07-16 22:02:48,281 - ERROR - Error processing account JoelynnWilsonxxr92911k@yers.us: Message: no such window: target window already closed
from unknown error: web view not found
  (Session info: chrome=137.0.7151.68)
Stacktrace:
#0 0x56518e66d45a <unknown>
#1 0x56518e112760 <unknown>
#2 0x56518e0e7140 <unknown>
#3 0x56518e1926c8 <unknown>
#4 0x56518e1afcc5 <unknown>
#5 0x56518e189c23 <unknown>
#6 0x56518e1564a5 <unknown>
#7 0x56518e157111 <unknown>
#8 0x56518e631f1b <unknown>
#9 0x56518e635e19 <unknown>
#10 0x56518e618ac9 <unknown>
#11 0x56518e6369c8 <unknown>
#12 0x56518e5fd34f <unknown>
#13 0x56518e65aa28 <unknown>
#14 0x56518e65ac06 <unknown>
#15 0x56518e66c336 <unknown>
#16 0x7f66ab2eaac3 <unknown>

2025-07-16 22:02:48,388 - INFO - Waiting 30 seconds before next account...
2025-07-16 22:03:11,614 - INFO - Starting Sider AI automation script
2025-07-16 22:03:11,614 - INFO - Found 4 accounts to process
2025-07-16 22:03:11,614 - INFO - Processing account 1/4: ReikoWuwry72694z@yers.us
2025-07-16 22:03:11,615 - INFO - ====== WebDriver manager ======
2025-07-16 22:03:11,658 - INFO - Get LATEST chromedriver version for google-chrome
2025-07-16 22:03:11,754 - INFO - Get LATEST chromedriver version for google-chrome
2025-07-16 22:03:11,850 - INFO - Driver [/home/hao/.wdm/drivers/chromedriver/linux64/137.0.7151.119/chromedriver-linux64/chromedriver] found in cache
2025-07-16 22:03:12,277 - INFO - Setting fixed window size and position (1280x720 at 0,0)
2025-07-16 22:03:19,862 - INFO - Looking for 'Register Now & Claim Rewards' button
2025-07-16 22:03:19,896 - INFO - Found Register button with text
2025-07-16 22:03:21,271 - INFO - Clicked Register button (regular)
2025-07-16 22:03:23,273 - INFO - Looking for 'Continue with Google' area
2025-07-16 22:03:23,295 - INFO - Found Google button area with selector: //div[contains(@class, 'col-[main]') and contains(@style, 'grid-row:1')]
2025-07-16 22:03:23,607 - INFO - Clicked Google area with ActionChains
2025-07-16 22:03:24,125 - INFO - Switched to Google login window
2025-07-16 22:03:25,853 - INFO - Clicked Next after email (JavaScript)
2025-07-16 22:03:25,854 - INFO - Waiting for password page to load...
2025-07-16 22:03:30,858 - INFO - Looking for password input...
2025-07-16 22:03:30,877 - INFO - Found password field. Filling...
2025-07-16 22:03:30,915 - INFO - Password filled. Looking for Next button...
2025-07-16 22:03:30,957 - INFO - Clicked Next after password (JavaScript)
2025-07-16 22:03:30,957 - INFO - Looking for 'I understand' button with XPath: //input[@type='submit' and (@value='Tôi hiểu' or @value='I understand')]
2025-07-16 22:03:36,301 - INFO - Clicked 'I understand' (JavaScript)
2025-07-16 22:03:36,301 - INFO - Looking for 'Continue' button
2025-07-16 22:03:38,204 - INFO - Clicked 'Continue' (JavaScript)
2025-07-16 22:03:39,333 - ERROR - Error processing account ReikoWuwry72694z@yers.us: Message: no such window: target window already closed
from unknown error: web view not found
  (Session info: chrome=137.0.7151.68)
Stacktrace:
#0 0x55e7ba6a645a <unknown>
#1 0x55e7ba14b760 <unknown>
#2 0x55e7ba120140 <unknown>
#3 0x55e7ba1cb6c8 <unknown>
#4 0x55e7ba1e8cc5 <unknown>
#5 0x55e7ba1c2c23 <unknown>
#6 0x55e7ba18f4a5 <unknown>
#7 0x55e7ba190111 <unknown>
#8 0x55e7ba66af1b <unknown>
#9 0x55e7ba66ee19 <unknown>
#10 0x55e7ba651ac9 <unknown>
#11 0x55e7ba66f9c8 <unknown>
#12 0x55e7ba63634f <unknown>
#13 0x55e7ba693a28 <unknown>
#14 0x55e7ba693c06 <unknown>
#15 0x55e7ba6a5336 <unknown>
#16 0x7f991c5e3ac3 <unknown>

2025-07-16 22:03:39,458 - INFO - Waiting 30 seconds before next account...
